[2017-09-22T05:34:34Z]PushEvent:first commit
[2017-09-01T07:43:37Z]IssueCommentEvent
[2017-09-01T06:09:22Z]IssueCommentEvent
[2017-09-01T06:06:09Z]IssueCommentEvent
[2017-08-31T23:03:28Z]IssueCommentEvent
[2017-08-31T05:11:14Z]IssuesEvent
[2017-08-30T23:17:24Z]IssuesEvent
[2017-08-30T23:16:16Z]IssuesEvent
[2017-08-30T15:01:47Z]IssueCommentEvent
[2017-08-30T14:44:21Z]IssueCommentEvent
[2017-08-30T14:40:15Z]IssuesEvent
[2017-08-30T14:33:10Z]PushEvent:微修正
[2017-08-30T07:40:52Z]IssueCommentEvent
[2017-08-30T07:39:05Z]PushEvent:またまた微修正
[2017-08-30T07:23:46Z]PushEvent:微修正
[2017-08-28T09:50:18Z]PushEvent:微修正
[2017-08-28T04:10:46Z]PushEvent:とりあえず動いた
[2017-08-26T17:09:04Z]IssuesEvent
[2017-08-26T14:06:12Z]CreateEvent
[2017-08-26T14:01:29Z]CreateEvent
